<?xml version="1.0" encoding="UTF-8"?>
<beans xmlns="http://www.springframework.org/schema/beans"
       xmlns:xsi="http://www.w3.org/2001/XMLSchema-instance"
       xmlns:p="http://www.springframework.org/schema/p"
       xmlns:tx="http://www.springframework.org/schema/tx"
       xmlns:context="http://www.springframework.org/schema/context"
       xmlns:aop="http://www.springframework.org/schema/aop" xmlns:mvc="http://www.springframework.org/schema/mvc"
       xsi:schemaLocation="http://www.springframework.org/schema/beans
                           http://www.springframework.org/schema/beans/spring-beans.xsd
                           http://www.springframework.org/schema/tx
			               http://www.springframework.org/schema/tx/spring-tx.xsd
                           http://www.springframework.org/schema/aop
                           http://www.springframework.org/schema/aop/spring-aop.xsd
                           http://www.springframework.org/schema/context
                           http://www.springframework.org/schema/context/spring-context.xsd http://www.springframework.org/schema/mvc http://www.springframework.org/schema/mvc/spring-mvc.xsd">
	
	<context:annotation-config/>
    <context:component-scan base-package="com.shtyka.dao"/>
    <aop:aspectj-autoproxy proxy-target-class="true" expose-proxy="false"/>

	<bean id="dataSource" class="org.apache.commons.dbcp2.BasicDataSource"
		  p:driverClassName="com.mysql.jdbc.Driver"
		  p:url="jdbc:mysql://localhost:3306/test_restaurant"
		  p:username="root"
		  p:password="1234"
		  p:initialSize="5"
		  p:maxTotal="10"/>

    <bean id="sessionFactory"
          class="org.springframework.orm.hibernate4.LocalSessionFactoryBean">
        <property name="dataSource" ref="dataSource"/>
        <property name="packagesToScan">
            <value>com.shtyka.entity</value>
        </property>

        <property name="hibernateProperties">
            <props>
                <prop key="hibernate.show_sql">true</prop>
                <prop key="debug">true</prop>
                <prop key="hibernate.dialect">org.hibernate.dialect.MySQLDialect</prop>
                <prop key="connection.isolation">2</prop>
                <prop key="hibernate.hbm2ddl.auto">create-drop</prop>
            </props>
        </property>
    </bean>
    <mvc:interceptors>
    <bean class="org.springframework.orm.hibernate4.support.OpenSessionInViewInterceptor">
        <property name="sessionFactory" ref="sessionFactory"/>
    </bean>
    </mvc:interceptors>

	<bean id="txManager" class="org.springframework.orm.hibernate4.HibernateTransactionManager">
		<property name="sessionFactory" ref="sessionFactory"/>
	</bean>

	<tx:annotation-driven transaction-manager="txManager"/>
	<bean class="org.springframework.dao.annotation.PersistenceExceptionTranslationPostProcessor"/>
</beans>